Arguments: 
  /usr/local/bin/node /usr/local/Cellar/yarn/1.13.0/libexec/bin/yarn.js

PATH: 
  /usr/local/bin:/usr/bin:/bin:/usr/sbin:/sbin

Yarn version: 
  1.13.0

Node version: 
  10.15.3

Platform: 
  darwin x64

Trace: 
  Error: read ECONNRESET
      at TLSWrap.onStreamRead (internal/stream_base_commons.js:111:27)

npm manifest: 
  {
    "name": "webpack-ts-react",
    "version": "1.0.0",
    "description": "",
    "main": "index.js",
    "scripts": {
      "start": "webpack-dev-server",
      "build": "webpack",
      "test": "echo \"Error: no test specified\" && exit 1"
    },
    "dependencies": {
      "i18next": "^17.0.13",
      "moment": "^2.24.0",
      "react": "16.9.0",
      "react-dom": "16.9.0",
      "react-i18n": "1.0.1",
      "react-i18next": "^10.12.2",
      "webpack-split-chunks": "^0.2.1"
    },
    "devDependencies": {
      "@babel/core": "^7.5.5",
      "@babel/preset-env": "^7.5.5",
      "@babel/preset-react": "^7.0.0",
      "@babel/preset-typescript": "^7.3.3",
      "@types/node": "^12.7.2",
      "@types/react": "^16.9.2",
      "@types/react-dom": "^16.9.0",
      "babel-loader": "^8.0.6",
      "cross-env": "^5.2.0",
      "html-webpack-plugin": "^3.2.0",
      "serve": "^11.1.0",
      "terser-webpack-plugin": "^1.4.1",
      "typescript": "^3.6.2",
      "webpack": "^4.39.3",
      "webpack-cli": "^3.3.7",
      "webpack-dev-server": "^3.8.0"
    },
    "globals": {
      "$": false,
      "i18n": false,
      "moment": false,
      "bootbox": false,
      "getLabel": false
    },
    "keywords": [],
    "author": "",
    "license": "ISC"
  }

yarn manifest: 
  No manifest

Lockfile: 
  No lockfile
